16:54:38.607 karate.env system property was:  
16:54:38.622 >> lock acquired, begin callSingle: classpath:helpers/CreateToken.feature
16:54:39.029 request:
1 > POST https://conduit.productionready.io/api/users/login
1 > Accept-Encoding: gzip,deflate
1 > Connection: Keep-Alive
1 > Content-Length: 57
1 > Content-Type: application/json; charset=UTF-8
1 > Host: conduit.productionready.io
1 > User-Agent: Apache-HttpClient/4.5.11 (Java/11.0.15)
{"user":{"email":"kar1@test.com","password":"Karate123"}}

16:54:39.373 response time in milliseconds: 338,02
1 < 307
1 < Access-Control-Allow-Headers: *
1 < Access-Control-Allow-Methods: GET,HEAD,POST,OPTIONS,PUT,PATCH,DELETE
1 < Access-Control-Allow-Origin: *
1 < CF-RAY: 759263761d4ba4ba-GRU
1 < Connection: keep-alive
1 < Content-Length: 0
1 < Date: Wed, 12 Oct 2022 19:54:38 GMT
1 < Location: https://api.realworld.io/api/users/login
1 < NEL: {"success_fraction":0,"report_to":"cf-nel","max_age":604800}
1 < Report-To: {"endpoints":[{"url":"https:\/\/a.nel.cloudflare.com\/report\/v3?s=iV3VIXPVmFJ5FiCWV%2FseDdugaVNGB%2F7ztTEFLNKh4xqDcLn%2FdKiJ3ICvvbnn5f78g0Ch4yF0F11CQoPZn3%2FScmIBchv5Gm4RKC4PLcEsOUp4pKZ%2Bjn9GVEeTa%2FrG1NKM23jDINZCcMEuGPKU5w%3D%3D"}],"group":"cf-nel","max_age":604800}
1 < Server: cloudflare
1 < Vary: Accept-Encoding
1 < alt-svc: h3=":443"; ma=86400, h3-29=":443"; ma=86400

16:54:39.373 request:
2 > POST https://conduit.productionready.io/api/users/login
2 > Accept-Encoding: gzip,deflate
2 > Connection: Keep-Alive
2 > Content-Length: 57
2 > Content-Type: application/json; charset=UTF-8
2 > Host: api.realworld.io
2 > User-Agent: Apache-HttpClient/4.5.11 (Java/11.0.15)
{"user":{"email":"kar1@test.com","password":"Karate123"}}

16:54:39.967 response time in milliseconds: 594,74
2 < 200
2 < Access-Control-Allow-Origin: *
2 < CF-Cache-Status: DYNAMIC
2 < CF-RAY: 75926377691ea5f2-GRU
2 < Connection: keep-alive
2 < Content-Type: application/json; charset=utf-8
2 < Date: Wed, 12 Oct 2022 19:54:39 GMT
2 < Etag: W/"145-hehI6lEnqCsqQC8kEFOzaWOHYD0"
2 < NEL: {"success_fraction":0,"report_to":"cf-nel","max_age":604800}
2 < Report-To: {"endpoints":[{"url":"https:\/\/a.nel.cloudflare.com\/report\/v3?s=GIRNwI4s8LpPgDePObNJJJi5nD0jQuoeXc2azNT9YNei871nhE4LKvK9u%2Bkzs2TdO1teoCS321Oc0tfChDHQ4M3vCGQR2lBn6I94csv4JiRqrhl0VuEAEtjseRFy63580pPb"}],"group":"cf-nel","max_age":604800}
2 < Server: cloudflare
2 < Transfer-Encoding: chunked
2 < Via: 1.1 vegur
2 < X-Powered-By: Express
2 < alt-svc: h3=":443"; ma=86400, h3-29=":443"; ma=86400
{"user":{"email":"kar1@test.com","username":"KarUser","bio":null,"image":"https://api.realworld.io/images/smiley-cyrus.jpeg","token":"eyJhbGciOiJIUzI1NiIsInR5cCI6IkpXVCJ9.eyJlbWFpbCI6ImthcjFAdGVzdC5jb20iLCJ1c2VybmFtZSI6IkthclVzZXIiLCJpYXQiOjE2NjU2MDQ0NzgsImV4cCI6MTY3MDc4ODQ3OH0.PdHy3Oqiy1nKJ-J0wFlmWcHpotP0QYf6Z9sZn7sEAK0"}}

16:54:39.983 << lock released, cached callSingle: classpath:helpers/CreateToken.feature
16:54:40.202 request:
1 > POST https://conduit.productionready.io/api/articles
1 > Accept-Encoding: gzip,deflate
1 > Authorization: Token eyJhbGciOiJIUzI1NiIsInR5cCI6IkpXVCJ9.eyJlbWFpbCI6ImthcjFAdGVzdC5jb20iLCJ1c2VybmFtZSI6IkthclVzZXIiLCJpYXQiOjE2NjU2MDQ0NzgsImV4cCI6MTY3MDc4ODQ3OH0.PdHy3Oqiy1nKJ-J0wFlmWcHpotP0QYf6Z9sZn7sEAK0
1 > Connection: Keep-Alive
1 > Content-Length: 166
1 > Content-Type: application/json; charset=UTF-8
1 > Host: conduit.productionready.io
1 > User-Agent: Apache-HttpClient/4.5.11 (Java/11.0.15)
{"article":{"tagList":[],"title":"Rolland Storm","description":"Samyrian","body":"And I have a tender spot in my heart for cripples and bastards and broken things."}}

16:54:40.390 response time in milliseconds: 176,14
1 < 307
1 < Access-Control-Allow-Headers: *
1 < Access-Control-Allow-Methods: GET,HEAD,POST,OPTIONS,PUT,PATCH,DELETE
1 < Access-Control-Allow-Origin: *
1 < CF-RAY: 7592637c7b10a69a-GRU
1 < Connection: keep-alive
1 < Content-Length: 0
1 < Date: Wed, 12 Oct 2022 19:54:39 GMT
1 < Location: https://api.realworld.io/api/articles
1 < NEL: {"success_fraction":0,"report_to":"cf-nel","max_age":604800}
1 < Report-To: {"endpoints":[{"url":"https:\/\/a.nel.cloudflare.com\/report\/v3?s=p66UkzFnBmLOuDcM5WQsxVtaO3dvGsFWYs4ZqbllPWnNKNC3hdZcgja1L%2FV9Q%2FTA3kD8RKLo2%2BR7IhSQO0vgtZJaVl2vz%2B4TseWGmKTFjj1t15scevR5hOOWfpeABRRUa0C38T%2Bjfmsu5C%2Fw2Q%3D%3D"}],"group":"cf-nel","max_age":604800}
1 < Server: cloudflare
1 < Vary: Accept-Encoding
1 < alt-svc: h3=":443"; ma=86400, h3-29=":443"; ma=86400

16:54:40.390 request:
2 > POST https://conduit.productionready.io/api/articles
2 > Accept-Encoding: gzip,deflate
2 > Authorization: Token eyJhbGciOiJIUzI1NiIsInR5cCI6IkpXVCJ9.eyJlbWFpbCI6ImthcjFAdGVzdC5jb20iLCJ1c2VybmFtZSI6IkthclVzZXIiLCJpYXQiOjE2NjU2MDQ0NzgsImV4cCI6MTY3MDc4ODQ3OH0.PdHy3Oqiy1nKJ-J0wFlmWcHpotP0QYf6Z9sZn7sEAK0
2 > Connection: Keep-Alive
2 > Content-Length: 166
2 > Content-Type: application/json; charset=UTF-8
2 > Host: api.realworld.io
2 > User-Agent: Apache-HttpClient/4.5.11 (Java/11.0.15)
{"article":{"tagList":[],"title":"Rolland Storm","description":"Samyrian","body":"And I have a tender spot in my heart for cripples and bastards and broken things."}}

16:54:40.922 response time in milliseconds: 530,84
2 < 200
2 < Access-Control-Allow-Origin: *
2 < CF-Cache-Status: DYNAMIC
2 < CF-RAY: 7592637da8dd51d1-GRU
2 < Connection: keep-alive
2 < Content-Type: application/json; charset=utf-8
2 < Date: Wed, 12 Oct 2022 19:54:39 GMT
2 < Etag: W/"1ae-MwFEtO7/eK0hs73a3Pcu2AZI+4k"
2 < NEL: {"success_fraction":0,"report_to":"cf-nel","max_age":604800}
2 < Report-To: {"endpoints":[{"url":"https:\/\/a.nel.cloudflare.com\/report\/v3?s=r5zVy5FB5myeo7%2FC5yrhzcyYyuqMoDUM7zCNEAjovryCmvpdrR5pTx70%2BYMaofIkTPEEhFCSKwFg3VV5RmYtkUXF8frc0vW886gsIJSSnYngAWFS45vXS7XtHEG%2Bem8ERRo5"}],"group":"cf-nel","max_age":604800}
2 < Server: cloudflare
2 < Transfer-Encoding: chunked
2 < Via: 1.1 vegur
2 < X-Powered-By: Express
2 < alt-svc: h3=":443"; ma=86400, h3-29=":443"; ma=86400
{"article":{"slug":"Rolland-Storm-3171","title":"Rolland Storm","description":"Samyrian","body":"And I have a tender spot in my heart for cripples and bastards and broken things.","tagList":[],"createdAt":"2022-10-12T19:54:39.869Z","updatedAt":"2022-10-12T19:54:39.869Z","favorited":false,"favoritesCount":0,"author":{"username":"KarUser","bio":null,"image":"https://api.realworld.io/images/smiley-cyrus.jpeg","following":false}}}

ps://conduit.productionready.io/api/articles
1 > Accept-Encoding: gzip,deflate
1 > Authorization: Token eyJhbGciOiJIUzI1NiIsInR5cCI6IkpXVCJ9.eyJlbWFpbCI6ImthcjFAdGVzdC5jb20iLCJ1c2VybmFtZSI6IkthclVzZXIiLCJpYXQiOjE2NjU2MDQ0NDIsImV4cCI6MTY3MDc4ODQ0Mn0.YDSPWLycCQDMlXZ2dqHttHJUygm_dnEtug1Nhs1NRfI
1 > Connection: Keep-Alive
1 > Content-Length: 111
1 > Content-Type: application/json; charset=UTF-8
1 > Host: conduit.productionready.io
1 > User-Agent: Apache-HttpClient/4.5.11 (Java/11.0.15)
{"article":{"tagList":[],"title":"Walder Vance","description":"Braavos","body":"Nothing burns like the cold."}}

16:54:05.076 response time in milliseconds: 190,14
1 < 307
1 < Access-Control-Allow-Headers: *
1 < Access-Control-Allow-Methods: GET,HEAD,POST,OPTIONS,PUT,PATCH,DELETE
1 < Access-Control-Allow-Origin: *
1 < CF-RAY: 7592629fb888a479-GRU
1 < Connection: keep-alive
1 < Content-Length: 0
1 < Date: Wed, 12 Oct 2022 19:54:04 GMT
1 < Location: https://api.realworld.io/api/articles
1 < NEL: {"success_fraction":0,"report_to":"cf-nel","max_age":604800}
1 < Report-To: {"endpoints":[{"url":"https:\/\/a.nel.cloudflare.com\/report\/v3?s=OyG%2BTP81M56%2BIQcuhBPpZbqiM1qyT4z7F9LBH9hYH02iavLhyts0mCmM78Lw%2Bfh%2F1gqXpBmWq8O%2FIwgNyBC%2Bd%2BmYMTyeQOAaypyzM4YfSQOv3pQGYVI2zmv4QotyqaY7OdOCNFpT9Cd0Cljqag%3D%3D"}],"group":"cf-nel","max_age":604800}
1 < Server: cloudflare
1 < Vary: Accept-Encoding
1 < alt-svc: h3=":443"; ma=86400, h3-29=":443"; ma=86400

16:54:05.080 request:
2 > POST https://conduit.productionready.io/api/articles
2 > Accept-Encoding: gzip,deflate
2 > Authorization: Token eyJhbGciOiJIUzI1NiIsInR5cCI6IkpXVCJ9.eyJlbWFpbCI6ImthcjFAdGVzdC5jb20iLCJ1c2VybmFtZSI6IkthclVzZXIiLCJpYXQiOjE2NjU2MDQ0NDIsImV4cCI6MTY3MDc4ODQ0Mn0.YDSPWLycCQDMlXZ2dqHttHJUygm_dnEtug1Nhs1NRfI
2 > Connection: Keep-Alive
2 > Content-Length: 111
2 > Content-Type: application/json; charset=UTF-8
2 > Host: api.realworld.io
2 > User-Agent: Apache-HttpClient/4.5.11 (Java/11.0.15)
{"article":{"tagList":[],"title":"Walder Vance","description":"Braavos","body":"Nothing burns like the cold."}}

16:54:05.572 response time in milliseconds: 498,03
2 < 200
2 < Access-Control-Allow-Origin: *
2 < CF-Cache-Status: DYNAMIC
2 < CF-RAY: 759262a0ebd9a5c5-GRU
2 < Connection: keep-alive
2 < Content-Type: application/json; charset=utf-8
2 < Date: Wed, 12 Oct 2022 19:54:04 GMT
2 < Etag: W/"176-Wuc7ZbdgKp9mbI+SAht/G8geBM0"
2 < NEL: {"success_fraction":0,"report_to":"cf-nel","max_age":604800}
2 < Report-To: {"endpoints":[{"url":"https:\/\/a.nel.cloudflare.com\/report\/v3?s=VhdkLFODDJXeCMb8WbJ6NlNmo3%2FADjd2vKhj05NrpcX%2BDTBQ3tQz%2FfwylqFpB%2Fpjy5OUIfuJAe5e69Bhgj5VmI7QF2TjJHJFZK1t14OKL6mstCexBQw7vSq6v76mBai4w5q%2B"}],"group":"cf-nel","max_age":604800}
2 < Server: cloudflare
2 < Transfer-Encoding: chunked
2 < Via: 1.1 vegur
2 < X-Powered-By: Express
2 < alt-svc: h3=":443"; ma=86400, h3-29=":443"; ma=86400
{"article":{"slug":"Walder-Vance-3171","title":"Walder Vance","description":"Braavos","body":"Nothing burns like the cold.","tagList":[],"createdAt":"2022-10-12T19:54:04.559Z","updatedAt":"2022-10-12T19:54:04.559Z","favorited":false,"favoritesCount":0,"author":{"username":"KarUser","bio":null,"image":"https://api.realworld.io/images/smiley-cyrus.jpeg","following":false}}}

16:54:05.572 request:
3 > GET https://conduit.productionready.io/api/articles?limit=10&offset=0
3 > Accept-Encoding: gzip,deflate
3 > Authorization: Token eyJhbGciOiJIUzI1NiIsInR5cCI6IkpXVCJ9.eyJlbWFpbCI6ImthcjFAdGVzdC5jb20iLCJ1c2VybmFtZSI6IkthclVzZXIiLCJpYXQiOjE2NjU2MDQ0NDIsImV4cCI6MTY3MDc4ODQ0Mn0.YDSPWLycCQDMlXZ2dqHttHJUygm_dnEtug1Nhs1NRfI
3 > Connection: Keep-Alive
3 > Host: conduit.productionready.io
3 > User-Agent: Apache-HttpClient/4.5.11 (Java/11.0.15)

16:54:05.775 response time in milliseconds: 195,09
3 < 307
3 < Access-Control-Allow-Headers: *
3 < Access-Control-Allow-Methods: GET,HEAD,POST,OPTIONS,PUT,PATCH,DELETE
3 < Access-Control-Allow-Origin: *
3 < CF-RAY: 759262a40f236050-GRU
3 < Connection: keep-alive
3 < Content-Length: 0
3 < Date: Wed, 12 Oct 2022 19:54:04 GMT
3 < Location: https://api.realworld.io/api/articles?limit=10&offset=0
3 < NEL: {"success_fraction":0,"report_to":"cf-nel","max_age":604800}
3 < Report-To: {"endpoints":[{"url":"https:\/\/a.nel.cloudflare.com\/report\/v3?s=oNwu9UZUHespCsapec79h72DgzxlOxiooynAsQ2eREiX1c7xGGyv3CPbHmnLmNNawbGkkNPqxyduqb99vlbszuEDbZuIZ%2F7GWM1tLLU3gqJBJNjoYzbTocOT7XogQ9hSCwpaGJElEwei76UFRA%3D%3D"}],"group":"cf-nel","max_age":604800}
3 < Server: cloudflare
3 < Vary: Accept-Encoding
3 < alt-svc: h3=":443"; ma=86400, h3-29=":443"; ma=86400

16:54:05.775 request:
4 > GET https://conduit.productionready.io/api/articles?limit=10&offset=0
4 > Accept-Encoding: gzip,deflate
4 > Authorization: Token eyJhbGciOiJIUzI1NiIsInR5cCI6IkpXVCJ9.eyJlbWFpbCI6ImthcjFAdGVzdC5jb20iLCJ1c2VybmFtZSI6IkthclVzZXIiLCJpYXQiOjE2NjU2MDQ0NDIsImV4cCI6MTY3MDc4ODQ0Mn0.YDSPWLycCQDMlXZ2dqHttHJUygm_dnEtug1Nhs1NRfI
4 > Connection: Keep-Alive
4 > Host: api.realworld.io
4 > User-Agent: Apache-HttpClient/4.5.11 (Java/11.0.15)

16:54:06.689 response time in milliseconds: 783,94
4 < 200
4 < Access-Control-Allow-Origin: *
4 < CF-Cache-Status: DYNAMIC
4 < CF-RAY: 759262a539efa537-GRU
4 < Connection: keep-alive
4 < Content-Type: application/json; charset=utf-8
4 < Date: Wed, 12 Oct 2022 19:54:05 GMT
4 < Etag: W/"6389-xyTJRnYDjubQbLL0pEx2QjYwC+8"
4 < NEL: {"success_fraction":0,"report_to":"cf-nel","max_age":604800}
4 < Report-To: {"endpoints":[{"url":"https:\/\/a.nel.cloudflare.com\/report\/v3?s=koeZxkQOUFCgBQKB1IXUYox4mIH%2BOx1YriwFT%2BBYMY%2FDBSM8OUG8PVRAv0FuP1i4EB8ulv8UjZHEObFXB2wuGSXmxRv6fOoKzll6%2FlckhRYirhhb6YV2Zvv0FcoAI2BCD0UY"}],"group":"cf-nel","max_age":604800}
4 < Server: cloudflare
4 < Transfer-Encoding: chunked
4 < Via: 1.1 vegur
4 < X-Powered-By: Express
4 < alt-svc: h3=":443"; ma=86400, h3-29=":443"; ma=86400
{"articles":[{"slug":"Walder-Vance-3171","title":"Walder Vance","description":"Braavos","body":"Nothing burns like the cold.","tagList":[],"createdAt":"2022-10-12T19:54:04.559Z","updatedAt":"2022-10-12T19:54:04.559Z","favorited":false,"favoritesCount":0,"author":{"username":"KarUser","bio":null,"image":"https://api.realworld.io/images/smiley-cyrus.jpeg","following":false}},{"slug":"Alester-Florent-3171","title":"Alester Florent","description":"Pentos","body":"A lion doesn't concern itself with the opinion of sheep.","tagList":[],"createdAt":"2022-10-12T19:54:03.717Z","updatedAt":"2022-10-12T19:54:03.717Z","favorited":false,"favoritesCount":0,"author":{"username":"KarUser","bio":null,"image":"https://api.realworld.io/images/smiley-cyrus.jpeg","following":false}},{"slug":"Garth-Hightower-3171","title":"Garth Hightower","description":"Meereen","body":"Power is a curious thing. Who lives, Who dies. Power resides where men believe it resides. It is a trick, A shadow on the wall.","tagList":[],"createdAt":"2022-10-11T15:28:57.161Z","updatedAt":"2022-10-11T15:28:57.161Z","favorited":true,"favoritesCount":1,"author":{"username":"KarUser","bio":null,"image":"https://api.realworld.io/images/smiley-cyrus.jpeg","following":false}},{"slug":"Unde-voluptate-commodi-ipsum-fugiat-omnis-beatae-deserunt-commodi-nemo-sunt-qui-voluptatem.-Tenetur-sit-cupiditate-possimus-fugit-consequuntur-beatae-est-voluptatem-neque.-Fugit-labore-asperiores-sunt-et-sit-enim-commodi-vel-possimus-maiores-quas-at-nihil-blanditiis-reiciendis.-Vitae-fugit-vitae-at-ipsum-sapiente-rerum.-Numquam-quas-esse-fugiat-beatae-quia-cupiditate.-105578","title":"Unde voluptate commodi ipsum fugiat omnis beatae deserunt commodi nemo sunt qui voluptatem.\nTenetur sit cupiditate possimus fugit consequuntur beatae est voluptatem neque.\nFugit labore asperiores sunt et, sit enim commodi, vel possimus maiores quas at nihil, blanditiis reiciendis.\nVitae fugit vitae at ipsum sapiente, rerum.\nNumquam quas esse fugiat beatae quia cupiditate.\n","description":"Quis error sunt. Tempora magnam consequatur. Eum repellendus beatae dolores hic ut placeat voluptas commodi. Amet aliquid vero. Ullam ratione architecto.","body":"Ut in omnis sapiente laboriosam autem laborum.\\nRepellendus et beatae qui qui numquam saepe.\\nNon vitae molestias quos illum.\\nSed fugiat qui ullam molestias ad ullam dolore.\\nAutem ex minus distinctio dicta sapiente beatae veritatis at. Ut in omnis sapiente laboriosam autem laborum.\\nRepellendus et beatae qui qui numquam saepe.\\nNon vitae molestias quos illum.\\nSed fugiat qui ullam molestias ad ullam dolore.\\nAutem ex minus distinctio dicta sapiente beatae veritatis at. Voluptatum tempora voluptas est odio iure odio dolorem.\\nVoluptatum est deleniti explicabo explicabo harum provident quis molestiae. Facere consequatur ullam.\\nSint illum iste ab et saepe sit ut quis voluptatibus.\\nQuo esse dolorum a quasi nihil.\\nError quo eveniet.\\nQuia aut rem quia in iste fugit ad. Ipsa cumque ad repellat qui libero quia impedit fugiat.\\nExcepturi ut vitae recusandae eos quisquam et voluptatem.\\nNeque nostrum distinctio provident eius tempore odio aliquid.\\nSaepe ut suscipit architecto. Ipsa laudantium deserunt. Eos pariatur eos fugit aut aperiam labore beatae.\\nVel non ea id dignissimos voluptate quis error assumenda consectetur.\\nRerum quas libero totam error facere sunt facilis quo.\\nEveniet debitis et aliquid ratione. Consequuntur dolorem enim eos sit.\\nMollitia impedit dolor optio et dolorem.\\nVitae nulla eos excepturi culpa.\\nMagni iure optio quaerat.\\nAb sed sit autem et ut eum. Dolores accusamus ducimus suscipit neque fugit quo aliquam.\\nOdit eum eum sint accusamus.\\nQuod ipsum sed placeat.\\nEt culpa voluptas et quod atque a.\\nVoluptatibus rerum nihil quia cupiditate nihil facere beatae dolor. Voluptatem cumque molestias soluta consequatur aut voluptatibus beatae vel commodi.\\nNulla voluptatem aut.","tagList":["est","beatae","fugiat","sunt"],"createdAt":"2022-10-09T10:14:34.005Z","updatedAt":"2022-10-09T10:14:34.005Z","favorited":false,"favoritesCount":11,"author":{"username":"Magda Parry","bio":null,"image":"https://api.realworld.io/images/demo-avatar.png","following":false}},{"slug":"At-quia-eos-consectetur-reiciendis-unde-rerum-ducimus-vitae-et-exercitationem-quas-labore-unde-reiciendis-quas-in-exercitationem-cupiditate-at-reiciendis-qui-nulla-at-cupiditate-reiciendis-voluptatibus-facilis-hic-fugit-ullam-rerum-rerum-fugit-aliquid-consequuntur-quae-reiciendis-sapiente-tenetur-quos-reiciendis-neque-error-asperiores-sequi-hic-enim-tenetur-error.-Blanditiis-beatae-quia-tenetur-esse.-Reiciendis-voluptatibus-numquam-beatae-id-repellat-possimus-sunt.-At-dicta-repellat-dicta-nihil-nostrum-qui-consectetur.-Voluptatibus-esse-voluptatem-aut-fugit-numquam-eos-hic-dolores-nihil-maiores-esse-dicta-cupiditate-possimus-sunt-nihil-voluptate-omnis-enim-at-quae-dicta-necessitatibus.-105578","title":"At quia eos consectetur reiciendis unde rerum ducimus vitae, et exercitationem quas labore unde reiciendis quas in exercitationem cupiditate at reiciendis qui nulla, at cupiditate reiciendis voluptatibus facilis hic fugit ullam rerum rerum fugit aliquid, consequuntur, quae, reiciendis sapiente tenetur quos, reiciendis neque error asperiores sequi, hic enim tenetur error.\nBlanditiis beatae quia tenetur esse.\nReiciendis voluptatibus numquam beatae id repellat possimus sunt.\nAt dicta repellat dicta nihil nostrum qui consectetur.\nVoluptatibus esse voluptatem aut fugit numquam eos hic dolores, nihil maiores esse, dicta cupiditate possimus sunt nihil, voluptate omnis, enim at quae dicta necessitatibus.\n","description":"Veniam commodi autem voluptatibus eos dolor quas reprehenderit. Praesentium cupiditate tempore et reprehenderit. Deleniti exercitationem illum maiores. Reprehenderit odio in ea voluptatem ut ut ullam.","body":"Minima qui ut nulla eius.\\nA incidunt ipsum tempore porro tempore.\\nFugit quas voluptas ducimus aut.\\nTempore nostrum velit expedita voluptate est.\\nNam iste explicabo tempore impedit voluptas. Non natus nihil. Ipsam voluptate fugiat iusto illo dignissimos rerum sint placeat.\\nLabore sit omnis. Laborum excepturi numquam sequi reiciendis voluptate repellat sint.\\nQui inventore ipsam voluptatem sit quos.\\nDolorem aut quod suscipit fugiat culpa.\\nOdio nostrum praesentium accusantium dolor quo. Deserunt ab porro similique est accusamus id enim aut suscipit.\\nSoluta reprehenderit error nesciunt odit veniam sed.\\nDolore optio qui aut ab.\\nAut minima provident eius repudiandae a quibusdam in nisi quam. Doloribus consequatur et labore suscipit deserunt tempore ad quasi sed.\\nQuam cupiditate modi dolor et eos et culpa qui.\\nDelectus molestias ea id.\\nIllum ea unde sapiente non non non.\\nDolorem ut sed magni. Non enim expedita maiores incidunt voluptatem rem.\\nEt nam vel nihil non non.\\nVoluptates accusantium aut nisi et error doloribus molestiae voluptas soluta. Ipsa laudantium deserunt. Officia consectetur quibusdam velit debitis porro quia cumque.\\nSuscipit esse voluptatem cum sit totam consequatur molestiae est.\\nMollitia pariatur distinctio fugit. Autem reiciendis provident iure possimus.\\nOccaecati soluta quibusdam libero tenetur minus vel sit illo.\\nCulpa optio dolorem eos similique voluptatem voluptatibus error accusantium.","tagList":["qui","et","nihil","ducimus"],"createdAt":"2022-10-09T10:14:34.005Z","updatedAt":"2022-10-09T10:14:34.005Z","favorited":false,"favoritesCount":16,"author":{"username":"Magda Parry","bio":null,"image":"https://api.realworld.io/images/demo-avatar.png","following":false}},{"slug":"Repellat-nihil-in-magnam-quasi.-Et-dicta-at-est-laborum-doloribus-sit.-Quia-possimus-necessitatibus-magnam-est-nulla-reiciendis-exercitationem-neque-et-tenetur-quia-deserunt-asperiores-blanditiis-doloribus-ipsum-beatae-numquam.-Ullam-rerum-consequuntur-occaecati-error.-Possimus-consequatur-consectetur-doloribus-voluptate-nihil-tenetur-sunt-fugiat-quae-id-ducimus-non.-105578","title":"Repellat nihil in magnam quasi.\nEt dicta at est laborum doloribus sit.\nQuia possimus necessitatibus magnam, est, nulla, reiciendis exercitationem neque et tenetur quia deserunt asperiores blanditiis doloribus ipsum beatae numquam.\nUllam rerum consequuntur occaecati error.\nPossimus consequatur consectetur doloribus voluptate nihil, tenetur sunt fugiat quae id, ducimus non.\n","description":"Eos necessitatibus officia quos. Et vitae aliquid autem occaecati repudiandae placeat repellat odit. Minus iure voluptates autem quam dicta. Iste consequatur aspernatur voluptas quibusdam sint beatae.","body":"Iusto laborum aperiam neque delectus consequuntur provident est maiores explicabo. Laborum est maxime enim accusantium magnam.\\nRerum dolorum minus laudantium delectus eligendi necessitatibus quia.\\nDeleniti consequatur explicabo aut nobis est vero tempore.\\nExcepturi earum quo quod voluptatem quo iure vel sapiente occaecati.\\nConsectetur consequatur corporis doloribus omnis harum voluptas esse amet. Eveniet sit ipsa officiis laborum.\\nIn vel est omnis sed impedit quod magni.\\nDignissimos quis illum qui atque aut ut quasi sequi. Laborum itaque quos provident.\\nRerum cupiditate praesentium amet voluptatem dolor impedit modi dicta.\\nVoluptates assumenda optio est.\\nNon aperiam nam consequuntur vel a commodi dicta incidunt. Blanditiis non quos aut dolore nulla unde.\\nIncidunt repudiandae amet eius porro.\\nTempora unde sapiente repellat voluptatem omnis et ut omnis in.\\nEt pariatur odit qui minima perspiciatis non dolores. Maiores assumenda porro est ea necessitatibus qui qui dolorum.\\nVelit suscipit ut ipsam odit aut earum. Non natus nihil. Doloribus temporibus dolorum placeat.\\nFugit nulla quaerat.\\nEveniet ratione odit sed non rerum.\\nNemo tempore eveniet veritatis alias repellat et.\\nVoluptas nisi quis commodi id. Animi enim quo deserunt.\\nAmet facilis at laboriosam.\\nRerum assumenda harum et sapiente suscipit ipsa fugiat.\\nSunt ut aut rem expedita consequatur optio.\\nRecusandae tenetur rerum quos culpa. Et fuga repellendus magnam dignissimos eius aspernatur rerum.","tagList":["necessitatibus","sequi","vitae","doloribus"],"createdAt":"2022-10-09T10:14:34.005Z","updatedAt":"2022-10-09T10:14:34.005Z","favorited":false,"favoritesCount":10,"author":{"username":"Magda Parry","bio":null,"image":"https://api.realworld.io/images/demo-avatar.png","following":false}},{"slug":"Tenetur-rerum-qui-occaecati-reiciendis-aut-eos-commodi-dicta-id-qui-error-dicta-est-enim-nulla-sequi-quia-unde-laborum-magnam-sed-occaecati-quasi-voluptatibus-omnis-voluptatibus-commodi-in-nemo-vitae.-At-quae-neque-maiores-tenetur.-Neque-quos-beatae-beatae-sapiente-qui-quia-quasi-esse-quaerat-commodi-enim-quas-nostrum-fugiat-error-consequuntur.-Aut-ducimus-at-voluptate-nulla-non-voluptatem-quaerat-occaecati-rerum-necessitatibus-enim-quas-cupiditate-voluptatibus-unde-facilis-quia-ipsum-quasi-sunt-doloribus-ipsum-exercitationem-ducimus-unde-sed-maiores-occaecati-nemo-ducimus-voluptatem-blanditiis-nostrum-repellat-ducimus-sunt-sit-cupiditate.-Cupiditate-deserunt-excepturi-dicta-omnis-neque.-105578","title":"Tenetur rerum qui occaecati reiciendis aut eos, commodi dicta id, qui error dicta est enim nulla sequi quia unde laborum magnam sed occaecati, quasi voluptatibus omnis voluptatibus commodi in nemo vitae.\nAt quae neque maiores tenetur.\nNeque quos beatae beatae sapiente qui quia quasi esse quaerat commodi enim quas nostrum fugiat error, consequuntur.\nAut ducimus at voluptate nulla non voluptatem quaerat occaecati, rerum necessitatibus enim quas cupiditate voluptatibus, unde facilis, quia ipsum quasi sunt doloribus ipsum exercitationem ducimus unde sed maiores occaecati nemo ducimus voluptatem, blanditiis nostrum repellat ducimus sunt sit, cupiditate.\nCupiditate deserunt excepturi dicta, omnis neque.\n","description":"Consectetur suscipit beatae est ut ut dolorem voluptas. Et sunt ratione. Consequatur illo et architecto.","body":"Sunt dolor maxime nam assumenda non beatae magni molestias quia. Et fuga repellendus magnam dignissimos eius aspernatur rerum. Doloribus temporibus dolorum placeat.\\nFugit nulla quaerat.\\nEveniet ratione odit sed non rerum.\\nNemo tempore eveniet veritatis alias repellat et.\\nVoluptas nisi quis commodi id. Sed odit quidem qui sed eum id eligendi laboriosam. Nemo tempore dolor maiores blanditiis quia qui qui voluptatem non.\\nNisi dolores animi laboriosam aliquam qui adipisci voluptates atque dignissimos.\\nLibero sit quibusdam corporis aut inventore natus libero.\\nPraesentium omnis dolorum temporibus repellendus qui.\\nNon nostrum doloribus occaecati dolores sit ut. Totam ab necessitatibus quidem non. Quia quo iste et aperiam voluptas consectetur a omnis et.\\nDolores et earum consequuntur sunt et.\\nEa nulla ab voluptatem dicta vel. Doloribus temporibus dolorum placeat.\\nFugit nulla quaerat.\\nEveniet ratione odit sed non rerum.\\nNemo tempore eveniet veritatis alias repellat et.\\nVoluptas nisi quis commodi id. Dolorem sed neque sequi ad nulla.\\nEum tempora ut sit et ducimus.\\nVel a expedita dignissimos.\\nFacilis iste ut.\\nAd saepe doloremque possimus mollitia atque explicabo. Voluptatibus harum ullam odio sed animi corporis.","tagList":["voluptate","exercitationem","omnis","vel"],"createdAt":"2022-10-09T10:14:34.005Z","updatedAt":"2022-10-09T10:14:34.005Z","favorited":false,"favoritesCount":14,"author":{"username":"Magda Parry","bio":null,"image":"https://api.realworld.io/images/demo-avatar.png","following":false}},{"slug":"Quos-unde-hic-id-doloribus-labore-sit-sed-aut-fugiat-aliquid-dicta-fugiat-labore-doloribus-laborum-sed-magnam-quaerat-occaecati-hic-possimus-voluptate-labore-magnam-possimus-sunt-maiores-ducimus-neque-sequi-blanditiis-sunt-quos-occaecati-excepturi-facilis-blanditiis.-Unde-at-tenetur-quas-hic-esse-ducimus-doloribus-tenetur-facilis-repellat-doloribus-excepturi-excepturi-aliquid-voluptatibus-sunt-necessitatibus-consequuntur-laborum-neque-nostrum-necessitatibus-nihil-et-nemo-enim-quasi-labore-beatae-ullam-id-est-excepturi-consequuntur-nostrum-nulla-in-hic-asperiores.-Aut-maiores-quas-consequuntur-voluptatem-enim-est-exercitationem-quasi-sed-quaerat-reiciendis-consectetur-nostrum-rerum-ducimus-id-nemo-magnam-cupiditate-blanditiis-magnam-voluptatibus-reiciendis-quaerat-voluptate-excepturi-esse-unde-hic.-Vitae-quia-id-esse-voluptatibus-nihil-nihil-eos-vitae-dolores-quos.-Cupiditate-fugiat-occaecati-ipsum-necessitatibus-consequuntur.-105578","title":"Quos unde hic id doloribus, labore, sit sed aut fugiat aliquid dicta fugiat, labore doloribus, laborum sed magnam quaerat occaecati hic, possimus voluptate labore magnam possimus sunt maiores ducimus neque sequi, blanditiis sunt quos occaecati excepturi facilis blanditiis.\nUnde at tenetur quas hic esse, ducimus doloribus tenetur facilis repellat doloribus excepturi excepturi aliquid voluptatibus sunt necessitatibus consequuntur laborum neque nostrum necessitatibus nihil et nemo enim quasi labore beatae ullam id est excepturi consequuntur nostrum nulla in, hic asperiores.\nAut maiores quas consequuntur voluptatem enim est, exercitationem quasi sed quaerat reiciendis consectetur nostrum rerum ducimus id nemo magnam cupiditate blanditiis magnam voluptatibus reiciendis quaerat voluptate excepturi esse unde hic.\nVitae quia id esse voluptatibus nihil nihil eos vitae dolores quos.\nCupiditate fugiat occaecati ipsum necessitatibus consequuntur.\n","description":"Veritatis officiis est occaecati sunt consequatur. Aut sapiente totam sed ad ad qui eum omnis deleniti. Quis blanditiis aperiam.","body":"Nemo repudiandae molestiae.\\nNobis sed ducimus aperiam.\\nBeatae cupiditate praesentium in omnis. Voluptatibus harum ullam odio sed animi corporis. Dolorum eius dignissimos et magnam voluptate aut voluptatem natus.\\nAut sint est eum molestiae consequatur officia omnis.\\nQuae et quam odit voluptatum itaque ducimus magni dolores ab.\\nDolorum sed iure voluptatem et reiciendis. Incidunt doloremque enim autem quam et magnam et expedita fuga.\\nPlaceat quia dolor ut.\\nNon dolor amet temporibus quas non hic sed.\\nQui tempore enim mollitia omnis sed ut eos rerum et.\\nQuidem voluptas est vel. Debitis facilis dolorum maiores aut et.\\nEa voluptas magnam deserunt at ut sunt voluptatem.\\nEt voluptatem voluptatem.\\nUt est fugiat magnam. Autem reiciendis provident iure possimus.\\nOccaecati soluta quibusdam libero tenetur minus vel sit illo.\\nCulpa optio dolorem eos similique voluptatem voluptatibus error accusantium. Quas ea voluptatem iste iure.\\nEt soluta et doloremque vero quis occaecati et fuga.\\nIncidunt recusandae dignissimos iusto quisquam sed unde at ea incidunt.\\nId voluptate incidunt qui totam autem voluptas maxime atque quaerat.\\nCorporis iste ut molestiae. Quas ea voluptatem iste iure.\\nEt soluta et doloremque vero quis occaecati et fuga.\\nIncidunt recusandae dignissimos iusto quisquam sed unde at ea incidunt.\\nId voluptate incidunt qui totam autem voluptas maxime atque quaerat.\\nCorporis iste ut molestiae. Exercitationem suscipit enim et aliquam dolor. Et perspiciatis illo.\\nLaboriosam aspernatur omnis expedita doloribus.\\nEum aliquam provident voluptas similique et omnis.","tagList":["quasi","vel","blanditiis","deserunt"],"createdAt":"2022-10-09T10:14:34.005Z","updatedAt":"2022-10-09T10:14:34.005Z","favorited":false,"favoritesCount":9,"author":{"username":"Magda Parry","bio":null,"image":"https://api.realworld.io/images/demo-avatar.png","following":false}},{"slug":"Aut-esse-sequi-fugit-beatae-commodi-est-commodi-exercitationem-dicta-commodi-fugiat-enim-blanditiis-enim-aliquid-in-reiciendis-blanditiis-rerum-error-vitae-asperiores-doloribus-sequi-unde-in-hic-necessitatibus-omnis-quas-aut-laborum-ullam-tenetur-fugiat-ullam-consequatur-exercitationem-aut-dicta-sit-quaerat-quos-quaerat-cupiditate-omnis-repellat-consectetur-consectetur.-Aut-quae-consectetur-labore-labore-occaecati-in-consequatur-unde-quaerat-tenetur.-Fugit-esse-numquam-occaecati-occaecati-quos-consequatur-ducimus-in-tenetur-nihil-neque-cupiditate.-Reiciendis-sapiente-nihil-quia-error-ipsum-occaecati-asperiores-doloribus-sit-dolores-aut-esse.-Ipsum-non-hic-qui-quae-sequi-quasi-magnam-vitae-dicta-sequi-neque-consequatur-aut-beatae-vel-nihil-sit-dolores-nulla-est-nihil-sed-quasi-magnam-sequi-laborum-numquam-possimus-quia-consequatur-nostrum-sunt-numquam-voluptate-consequatur-voluptatem-facilis-et-occaecati-nihil-vel-excepturi-cupiditate-voluptatibus-id-error-eos-blanditiis-possimus.-105578","title":"Aut esse sequi fugit beatae commodi est commodi exercitationem dicta commodi fugiat, enim, blanditiis enim aliquid in reiciendis, blanditiis, rerum error vitae, asperiores, doloribus sequi unde in hic necessitatibus omnis quas aut laborum ullam tenetur fugiat ullam, consequatur exercitationem aut dicta sit, quaerat quos quaerat cupiditate omnis repellat consectetur consectetur.\nAut quae consectetur labore labore occaecati in consequatur unde quaerat tenetur.\nFugit esse numquam occaecati occaecati quos consequatur ducimus in tenetur, nihil neque cupiditate.\nReiciendis sapiente nihil quia error ipsum occaecati, asperiores doloribus sit dolores aut esse.\nIpsum non hic qui quae sequi quasi magnam, vitae, dicta sequi, neque consequatur aut beatae vel nihil sit dolores nulla est nihil, sed quasi magnam sequi laborum numquam possimus quia consequatur, nostrum sunt numquam, voluptate, consequatur voluptatem facilis et, occaecati, nihil vel, excepturi, cupiditate voluptatibus id, error eos, blanditiis possimus.\n","description":"Tenetur doloremque at fuga eligendi mollitia modi placeat. Dolores corrupti repellendus et quos eos modi sunt. Quae non molestiae earum iusto magni. Molestiae quo fugit quisquam sed. Quia culpa rem minus distinctio.","body":"Pariatur quo neque est perspiciatis non illo rerum expedita minima.\\nEt commodi voluptas eos ex.\\nUnde velit delectus deleniti deleniti non in sit.\\nAliquid voluptatem magni. Pariatur quo neque est perspiciatis non illo rerum expedita minima.\\nEt commodi voluptas eos ex.\\nUnde velit delectus deleniti deleniti non in sit.\\nAliquid voluptatem magni. Consequuntur dolorem enim eos sit.\\nMollitia impedit dolor optio et dolorem.\\nVitae nulla eos excepturi culpa.\\nMagni iure optio quaerat.\\nAb sed sit autem et ut eum. Mollitia nostrum exercitationem sunt rem.\\nRem et voluptas consequatur mollitia nostrum.\\nSunt nesciunt et pariatur quam provident impedit. Non enim expedita maiores incidunt voluptatem rem.\\nEt nam vel nihil non non.\\nVoluptates accusantium aut nisi et error doloribus molestiae voluptas soluta. Quos pariatur tenetur.\\nQuasi omnis eveniet eos maiores esse magni possimus blanditiis.\\nQui incidunt sit quos consequatur aut qui et aperiam delectus.\\nPraesentium quas culpa.\\nEaque occaecati cumque incidunt et. Nemo repudiandae molestiae.\\nNobis sed ducimus aperiam.\\nBeatae cupiditate praesentium in omnis. Ipsam voluptate fugiat iusto illo dignissimos rerum sint placeat.\\nLabore sit omnis. Cupiditate officia voluptatum.\\nTenetur facere eum distinctio animi qui laboriosam.\\nQuod sed voluptatem et cumque est eos.\\nSint id provident suscipit harum odio et. Totam voluptas consequatur officiis.\\nPlaceat sit nobis ut est quae dolore consequuntur vel.\\nRepudiandae ut molestias rerum occaecati quod.\\nRerum optio minus aliquid.\\nIllum et voluptas iusto molestiae nulla praesentium deserunt est voluptas.","tagList":["unde","nihil","exercitationem","consequuntur"],"createdAt":"2022-10-09T10:14:34.004Z","updatedAt":"2022-10-09T10:14:34.004Z","favorited":false,"favoritesCount":1,"author":{"username":"Magda Parry","bio":null,"image":"https://api.realworld.io/images/demo-avatar.png","following":false}},{"slug":"Quae-numquam-facilis-unde-neque-numquam-sunt-nulla-tenetur-sequi-magnam-excepturi-et-sequi-at-esse-consectetur-commodi-sunt-vel-numquam-deserunt.-Excepturi-facilis-fugit-labore-doloribus-possimus-consequuntur-error-cupiditate-aliquid-sed-neque-vel.-Quos-asperiores-unde-consequuntur-ullam-quae-omnis-at-ipsum-consequuntur.-Quas-nihil-laborum-qui-beatae.-Quos-consequuntur-asperiores-repellat-fugit-fugiat-hic-eos-cupiditate-voluptatem-fugiat-quae-ipsum-non-facilis-excepturi-consectetur-vel-doloribus-asperiores-consequuntur-facilis-dolores-blanditiis-tenetur-est-voluptatibus-vitae-id-repellat-ducimus-asperiores-tenetur-numquam-sunt-enim-enim-non-aut-qui-laborum-rerum-blanditiis-ducimus-neque-tenetur-voluptatibus-asperiores-eos-esse.-105578","title":"Quae numquam facilis unde neque, numquam sunt nulla tenetur sequi magnam excepturi et sequi at esse consectetur commodi sunt vel numquam deserunt.\nExcepturi facilis fugit labore, doloribus possimus consequuntur error cupiditate aliquid sed neque vel.\nQuos asperiores unde consequuntur ullam quae omnis at ipsum consequuntur.\nQuas nihil laborum qui beatae.\nQuos consequuntur asperiores repellat fugit, fugiat hic eos cupiditate voluptatem fugiat quae ipsum non facilis excepturi, consectetur vel doloribus asperiores consequuntur facilis dolores blanditiis tenetur est voluptatibus vitae, id repellat ducimus asperiores tenetur numquam sunt enim enim, non aut qui laborum rerum blanditiis ducimus neque tenetur voluptatibus asperiores eos, esse.\n","description":"Asperiores labore tempore quam. Ut voluptatem unde tempore fuga non repellendus omnis maxime. Quia soluta quibusdam. Commodi animi eum dolorem placeat sit. Quam nihil doloremque eligendi rem quibusdam iusto consequatur quae. Modi quaerat labore laboriosam quaerat sint nulla.","body":"Voluptatibus harum ullam odio sed animi corporis. Facere consequatur ullam.\\nSint illum iste ab et saepe sit ut quis voluptatibus.\\nQuo esse dolorum a quasi nihil.\\nError quo eveniet.\\nQuia aut rem quia in iste fugit ad. Dolorum eius dignissimos et magnam voluptate aut voluptatem natus.\\nAut sint est eum molestiae consequatur officia omnis.\\nQuae et quam odit voluptatum itaque ducimus magni dolores ab.\\nDolorum sed iure voluptatem et reiciendis. Animi enim quo deserunt.\\nAmet facilis at laboriosam.\\nRerum assumenda harum et sapiente suscipit ipsa fugiat.\\nSunt ut aut rem expedita consequatur optio.\\nRecusandae tenetur rerum quos culpa. Incidunt doloremque enim autem quam et magnam et expedita fuga.\\nPlaceat quia dolor ut.\\nNon dolor amet temporibus quas non hic sed.\\nQui tempore enim mollitia omnis sed ut eos rerum et.\\nQuidem voluptas est vel. Similique et quos maiores commodi exercitationem laborum animi qui. Quo perferendis nesciunt.\\nDolore dolorem porro omnis voluptatibus consequuntur et expedita suscipit et.\\nTempora facere ipsa.\\nDolore accusamus soluta officiis eligendi.\\nEum quaerat neque eum beatae odio. Placeat sequi quaerat sapiente aspernatur autem sunt molestiae voluptatem.\\nAccusamus unde libero accusamus omnis totam et temporibus. Similique et quos maiores commodi exercitationem laborum animi qui. Ipsa cumque ad repellat qui libero quia impedit fugiat.\\nExcepturi ut vitae recusandae eos quisquam et voluptatem.\\nNeque nostrum distinctio provident eius tempore odio aliquid.\\nSaepe ut suscipit architecto.","tagList":["sequi","sapiente","sed","commodi"],"createdAt":"2022-10-09T10:14:34.004Z","updatedAt":"2022-10-09T10:14:34.004Z","favorited":false,"favoritesCount":2,"author":{"username":"Magda Parry","bio":null,"image":"https://api.realworld.io/images/demo-avatar.png","following":false}}],"articlesCount":331}

16:54:06.689 request:
5 > DELETE https://conduit.productionready.io/api/articles/Walder-Vance-3171
5 > Accept-Encoding: gzip,deflate
5 > Authorization: Token eyJhbGciOiJIUzI1NiIsInR5cCI6IkpXVCJ9.eyJlbWFpbCI6ImthcjFAdGVzdC5jb20iLCJ1c2VybmFtZSI6IkthclVzZXIiLCJpYXQiOjE2NjU2MDQ0NDIsImV4cCI6MTY3MDc4ODQ0Mn0.YDSPWLycCQDMlXZ2dqHttHJUygm_dnEtug1Nhs1NRfI
5 > Connection: Keep-Alive
5 > Host: conduit.productionready.io
5 > User-Agent: Apache-HttpClient/4.5.11 (Java/11.0.15)

16:54:06.862 response time in milliseconds: 174,18
5 < 307
5 < Access-Control-Allow-Headers: *
5 < Access-Control-Allow-Methods: GET,HEAD,POST,OPTIONS,PUT,PATCH,DELETE
5 < Access-Control-Allow-Origin: *
5 < CF-RAY: 759262aaf974a568-GRU
5 < Connection: keep-alive
5 < Content-Length: 0
5 < Date: Wed, 12 Oct 2022 19:54:05 GMT
5 < Location: https://api.realworld.io/api/articles/Walder-Vance-3171
5 < NEL: {"success_fraction":0,"report_to":"cf-nel","max_age":604800}
5 < Report-To: {"endpoints":[{"url":"https:\/\/a.nel.cloudflare.com\/report\/v3?s=kM%2BRO3VURIvfSqpcIotE%2BnMo56xLo7%2BokzQK3MYAczrvXpG1hB5EF4oSeOo9TXFeQXvBHa8KhaLgclWoOjLHD8jQYsUXhG9w60uYDU%2FxoW543Pmasv6f3sxnWtJ6IvJsrskyXJsG78jux1qJUA%3D%3D"}],"group":"cf-nel","max_age":604800}
5 < Server: cloudflare
5 < Vary: Accept-Encoding
5 < alt-svc: h3=":443"; ma=86400, h3-29=":443"; ma=86400

16:54:06.862 request:
6 > DELETE https://conduit.productionready.io/api/articles/Walder-Vance-3171
6 > Accept-Encoding: gzip,deflate
6 > Authorization: Token eyJhbGciOiJIUzI1NiIsInR5cCI6IkpXVCJ9.eyJlbWFpbCI6ImthcjFAdGVzdC5jb20iLCJ1c2VybmFtZSI6IkthclVzZXIiLCJpYXQiOjE2NjU2MDQ0NDIsImV4cCI6MTY3MDc4ODQ0Mn0.YDSPWLycCQDMlXZ2dqHttHJUygm_dnEtug1Nhs1NRfI
6 > Connection: Keep-Alive
6 > Host: api.realworld.io
6 > User-Agent: Apache-HttpClient/4.5.11 (Java/11.0.15)

16:54:07.376 response time in milliseconds: 503,54
6 < 204
6 < Access-Control-Allow-Origin: *
6 < CF-Cache-Status: DYNAMIC
6 < CF-RAY: 759262ac1bc9a561-GRU
6 < Connection: keep-alive
6 < Content-Length: 0
6 < Date: Wed, 12 Oct 2022 19:54:06 GMT
6 < Etag: W/"a-bAsFyilMr4Ra1hIU5PyoyFRunpI"
6 < NEL: {"success_fraction":0,"report_to":"cf-nel","max_age":604800}
6 < Report-To: {"endpoints":[{"url":"https:\/\/a.nel.cloudflare.com\/report\/v3?s=qPGlVWpoyfvVOf62trIIwxCspP5m5bqymHygft41wD5UxnukUl%2FU1WwPILc7wn89ePG1pBm%2BVhA4aPPvkk9%2FG6OT9IzvucyBt88JKhCDxCFYqvDM8iE%2F8j3PPnE3HO5%2B5qHj"}],"group":"cf-nel","max_age":604800}
6 < Server: cloudflare
6 < Via: 1.1 vegur
6 < X-Powered-By: Express
6 < alt-svc: h3=":443"; ma=86400, h3-29=":443"; ma=86400

16:54:07.376 status code was: 204, expected: 200, response time: 504, url: https://conduit.productionready.io/api/articles/Walder-Vance-3171, response: 
